[0419/234530:WARNING:resource_bundle.cc(304)] locale_file_path.empty()
[0419/234530:ERROR:main_delegate.cc(564)] Could not load locale pak for en-US
[0419/234530:ERROR:main_delegate.cc(571)] Could not load cef.pak
[0419/234530:ERROR:main_delegate.cc(588)] Could not load cef_100_percent.pak
[0419/234530:WARNING:resource_bundle.cc(497)] locale resources are not loaded
[0419/234530:WARNING:resource_bundle.cc(304)] locale_file_path.empty()
[0419/234530:ERROR:main_delegate.cc(564)] Could not load locale pak for en-US
[0419/234530:ERROR:main_delegate.cc(571)] Could not load cef.pak
[0419/234530:ERROR:main_delegate.cc(588)] Could not load cef_100_percent.pak
[0419/234530:WARNING:resource_bundle.cc(497)] locale resources are not loaded
[0419/234530:WARNING:resource_bundle.cc(304)] locale_file_path.empty()
[0419/234530:ERROR:main_delegate.cc(564)] Could not load locale pak for en-US
[0419/234530:ERROR:main_delegate.cc(571)] Could not load cef.pak
[0419/234530:ERROR:main_delegate.cc(588)] Could not load cef_100_percent.pak
[0419/234531:WARNING:resource_bundle.cc(304)] locale_file_path.empty()
[0419/234531:ERROR:main_delegate.cc(564)] Could not load locale pak for en-US
[0419/234531:ERROR:main_delegate.cc(571)] Could not load cef.pak
[0419/234531:ERROR:main_delegate.cc(588)] Could not load cef_100_percent.pak
[0419/234540:WARNING:resource_bundle.cc(304)] locale_file_path.empty()
[0419/234540:ERROR:main_delegate.cc(564)] Could not load locale pak for en-US
[0419/234540:ERROR:main_delegate.cc(571)] Could not load cef.pak
[0419/234540:ERROR:main_delegate.cc(588)] Could not load cef_100_percent.pak
[0419/234540:ERROR:renderer_main.cc(207)] Running without renderer sandbox
[0419/234540:WARNING:resource_bundle.cc(304)] locale_file_path.empty()
[0419/234540:ERROR:main_delegate.cc(564)] Could not load locale pak for en-US
[0419/234540:ERROR:main_delegate.cc(571)] Could not load cef.pak
[0419/234540:ERROR:main_delegate.cc(588)] Could not load cef_100_percent.pak
[0419/234540:ERROR:renderer_main.cc(207)] Running without renderer sandbox
[0420/134350:WARNING:resource_bundle.cc(304)] locale_file_path.empty()
[0420/134350:ERROR:main_delegate.cc(564)] Could not load locale pak for en-US
[0420/134350:ERROR:main_delegate.cc(571)] Could not load cef.pak
[0420/134350:ERROR:main_delegate.cc(588)] Could not load cef_100_percent.pak
[0420/134350:WARNING:resource_bundle.cc(304)] locale_file_path.empty()
[0420/134350:ERROR:main_delegate.cc(564)] Could not load locale pak for en-US
[0420/134350:ERROR:main_delegate.cc(571)] Could not load cef.pak
[0420/134350:ERROR:main_delegate.cc(588)] Could not load cef_100_percent.pak
[0420/134350:WARNING:resource_bundle.cc(497)] locale resources are not loaded
[0420/134350:WARNING:resource_bundle.cc(497)] locale resources are not loaded
[0420/134350:WARNING:resource_bundle.cc(304)] locale_file_path.empty()
[0420/134350:ERROR:main_delegate.cc(564)] Could not load locale pak for en-US
[0420/134350:ERROR:main_delegate.cc(571)] Could not load cef.pak
[0420/134350:ERROR:main_delegate.cc(588)] Could not load cef_100_percent.pak
[0420/134351:WARNING:resource_bundle.cc(497)] locale resources are not loaded
[0420/134351:WARNING:resource_bundle.cc(304)] locale_file_path.empty()
[0420/134351:ERROR:main_delegate.cc(564)] Could not load locale pak for en-US
[0420/134351:ERROR:main_delegate.cc(571)] Could not load cef.pak
[0420/134351:ERROR:main_delegate.cc(588)] Could not load cef_100_percent.pak
[0420/134351:WARNING:resource_bundle.cc(304)] locale_file_path.empty()
[0420/134351:ERROR:main_delegate.cc(564)] Could not load locale pak for en-US
[0420/134351:ERROR:main_delegate.cc(571)] Could not load cef.pak
[0420/134351:ERROR:main_delegate.cc(588)] Could not load cef_100_percent.pak
[0420/134351:WARNING:resource_bundle.cc(304)] locale_file_path.empty()
[0420/134351:ERROR:main_delegate.cc(564)] Could not load locale pak for en-US
[0420/134351:ERROR:main_delegate.cc(571)] Could not load cef.pak
[0420/134351:ERROR:main_delegate.cc(588)] Could not load cef_100_percent.pak
[0420/134400:WARNING:resource_bundle.cc(304)] locale_file_path.empty()
[0420/134400:ERROR:main_delegate.cc(564)] Could not load locale pak for en-US
[0420/134400:ERROR:main_delegate.cc(571)] Could not load cef.pak
[0420/134400:ERROR:main_delegate.cc(588)] Could not load cef_100_percent.pak
[0420/134400:WARNING:resource_bundle.cc(497)] locale resources are not loaded
[0420/134400:WARNING:resource_bundle.cc(304)] locale_file_path.empty()
[0420/134400:ERROR:main_delegate.cc(564)] Could not load locale pak for en-US
[0420/134400:ERROR:main_delegate.cc(571)] Could not load cef.pak
[0420/134400:ERROR:main_delegate.cc(588)] Could not load cef_100_percent.pak
[0420/134403:WARNING:resource_bundle.cc(304)] locale_file_path.empty()
[0420/134403:ERROR:main_delegate.cc(564)] Could not load locale pak for en-US
[0420/134403:ERROR:main_delegate.cc(571)] Could not load cef.pak
[0420/134403:ERROR:main_delegate.cc(588)] Could not load cef_100_percent.pak
[0420/134403:ERROR:renderer_main.cc(207)] Running without renderer sandbox
[0420/134403:WARNING:resource_bundle.cc(304)] locale_file_path.empty()
[0420/134403:ERROR:main_delegate.cc(564)] Could not load locale pak for en-US
[0420/134403:ERROR:main_delegate.cc(571)] Could not load cef.pak
[0420/134403:ERROR:main_delegate.cc(588)] Could not load cef_100_percent.pak
[0420/134404:ERROR:renderer_main.cc(207)] Running without renderer sandbox
[0420/134406:WARNING:resource_bundle.cc(304)] locale_file_path.empty()
[0420/134406:ERROR:main_delegate.cc(564)] Could not load locale pak for en-US
[0420/134406:ERROR:main_delegate.cc(571)] Could not load cef.pak
[0420/134406:ERROR:main_delegate.cc(588)] Could not load cef_100_percent.pak
[0420/134406:WARNING:resource_bundle.cc(497)] locale resources are not loaded
[0420/134407:WARNING:resource_bundle.cc(304)] locale_file_path.empty()
[0420/134407:ERROR:main_delegate.cc(564)] Could not load locale pak for en-US
[0420/134407:ERROR:main_delegate.cc(571)] Could not load cef.pak
[0420/134407:ERROR:main_delegate.cc(588)] Could not load cef_100_percent.pak
[0420/134417:WARNING:resource_bundle.cc(304)] locale_file_path.empty()
[0420/134417:ERROR:main_delegate.cc(564)] Could not load locale pak for en-US
[0420/134417:ERROR:main_delegate.cc(571)] Could not load cef.pak
[0420/134417:ERROR:main_delegate.cc(588)] Could not load cef_100_percent.pak
[0420/134417:WARNING:resource_bundle.cc(497)] locale resources are not loaded
[0420/134418:WARNING:resource_bundle.cc(304)] locale_file_path.empty()
[0420/134418:ERROR:main_delegate.cc(564)] Could not load locale pak for en-US
[0420/134418:ERROR:main_delegate.cc(571)] Could not load cef.pak
[0420/134418:ERROR:main_delegate.cc(588)] Could not load cef_100_percent.pak
[0420/134419:WARNING:resource_bundle.cc(304)] locale_file_path.empty()
[0420/134419:ERROR:main_delegate.cc(564)] Could not load locale pak for en-US
[0420/134419:ERROR:main_delegate.cc(571)] Could not load cef.pak
[0420/134419:ERROR:main_delegate.cc(588)] Could not load cef_100_percent.pak
[0420/134419:WARNING:resource_bundle.cc(497)] locale resources are not loaded
[0420/134419:WARNING:resource_bundle.cc(304)] locale_file_path.empty()
[0420/134419:ERROR:main_delegate.cc(564)] Could not load locale pak for en-US
[0420/134419:ERROR:main_delegate.cc(571)] Could not load cef.pak
[0420/134419:ERROR:main_delegate.cc(588)] Could not load cef_100_percent.pak
[0420/134426:WARNING:resource_bundle.cc(304)] locale_file_path.empty()
[0420/134426:ERROR:main_delegate.cc(564)] Could not load locale pak for en-US
[0420/134426:ERROR:main_delegate.cc(571)] Could not load cef.pak
[0420/134426:ERROR:main_delegate.cc(588)] Could not load cef_100_percent.pak
[0420/134426:ERROR:renderer_main.cc(207)] Running without renderer sandbox
[0420/134429:WARNING:resource_bundle.cc(304)] locale_file_path.empty()
[0420/134429:ERROR:main_delegate.cc(564)] Could not load locale pak for en-US
[0420/134429:ERROR:main_delegate.cc(571)] Could not load cef.pak
[0420/134429:ERROR:main_delegate.cc(588)] Could not load cef_100_percent.pak
[0420/134429:ERROR:renderer_main.cc(207)] Running without renderer sandbox
